[debug] [2021-02-21T05:19:00.774Z] ----------------------------------------------------------------------
[debug] [2021-02-21T05:19:00.776Z] Command:       /usr/local/Cellar/node/15.4.0/bin/node /usr/local/bin/firebase emulators:start
[debug] [2021-02-21T05:19:00.776Z] CLI Version:   9.4.0
[debug] [2021-02-21T05:19:00.776Z] Platform:      darwin
[debug] [2021-02-21T05:19:00.776Z] Node Version:  v15.4.0
[debug] [2021-02-21T05:19:00.777Z] Time:          Sat Feb 20 2021 21:19:00 GMT-0800 (Pacific Standard Time)
[debug] [2021-02-21T05:19:00.777Z] ----------------------------------------------------------------------
[debug] [2021-02-21T05:19:00.777Z] 
[debug] [2021-02-21T05:19:00.782Z] > command requires scopes: ["email","openid","https://www.googleapis.com/auth/cloudplatformprojects.readonly","https://www.googleapis.com/auth/firebase","https://www.googleapis.com/auth/cloud-platform"]
[debug] [2021-02-21T05:19:00.782Z] > authorizing via signed-in user
[info] i  emulators: Starting emulators: functions, hosting {"metadata":{"emulator":{"name":"hub"},"message":"Starting emulators: functions, hosting"}}
[debug] [2021-02-21T05:19:00.798Z] [hub] writing locator at /var/folders/km/4jq7l83s4r94sz5m73rchkyh0000gn/T/hub-challenge-f7914.json
[warn] ⚠  functions: The following emulators are not running, calls to these services from the Functions emulator will affect production: auth, firestore, database, pubsub {"metadata":{"emulator":{"name":"functions"},"message":"The following emulators are not running, calls to these services from the Functions emulator will affect production: \u001b[1mauth, firestore, database, pubsub\u001b[22m"}}
[warn] ⚠  Your requested "node" version "12" doesn't match your global version "15" {"metadata":{"emulator":{"name":"functions"},"message":"Your requested \"node\" version \"12\" doesn't match your global version \"15\""}}
[debug] [2021-02-21T05:19:00.825Z] defaultcredentials: writing to file /Users/biancagoncalves/.config/firebase/bianca_manage_gmail.com_application_default_credentials.json
[debug] [2021-02-21T05:19:00.826Z] Setting GAC to /Users/biancagoncalves/.config/firebase/bianca_manage_gmail.com_application_default_credentials.json {"metadata":{"emulator":{"name":"functions"},"message":"Setting GAC to /Users/biancagoncalves/.config/firebase/bianca_manage_gmail.com_application_default_credentials.json"}}
[debug] [2021-02-21T05:19:00.828Z] >>> [apiv2][query] GET https://firebase.googleapis.com/v1beta1/projects/challenge-f7914/adminSdkConfig [none]
[debug] [2021-02-21T05:19:01.099Z] <<< [apiv2][status] GET https://firebase.googleapis.com/v1beta1/projects/challenge-f7914/adminSdkConfig 200
[debug] [2021-02-21T05:19:01.099Z] <<< [apiv2][body] GET https://firebase.googleapis.com/v1beta1/projects/challenge-f7914/adminSdkConfig {"projectId":"challenge-f7914","storageBucket":"challenge-f7914.appspot.com"}
[debug] [2021-02-21T05:19:01.122Z] >>> [apiv2][query] GET https://firebase.googleapis.com/v1beta1/projects/challenge-f7914/webApps/-/config [none]
[debug] [2021-02-21T05:19:01.532Z] <<< [apiv2][status] GET https://firebase.googleapis.com/v1beta1/projects/challenge-f7914/webApps/-/config 200
[debug] [2021-02-21T05:19:01.532Z] <<< [apiv2][body] GET https://firebase.googleapis.com/v1beta1/projects/challenge-f7914/webApps/-/config {"projectId":"challenge-f7914","appId":"1:610262166961:web:22b81f586df405adf72190","storageBucket":"challenge-f7914.appspot.com","apiKey":"AIzaSyBJVTxI1PzKy3omtzZf7ILBMDmScHlLPKU","authDomain":"challenge-f7914.firebaseapp.com","messagingSenderId":"610262166961","measurementId":"G-ST2J3F0T9Y"}
[info] i  hosting: Serving hosting files from: build {"metadata":{"emulator":{"name":"hosting"},"message":"Serving hosting files from: \u001b[1mbuild\u001b[22m"}}
[info] ✔  hosting: Local server: http://localhost:5000 {"metadata":{"emulator":{"name":"hosting"},"message":"Local server: \u001b[4m\u001b[1mhttp://localhost:5000\u001b[22m\u001b[24m"}}
[debug] [2021-02-21T05:19:01.563Z] Ignoring unsupported arg: auto_download {"metadata":{"emulator":{"name":"ui"},"message":"Ignoring unsupported arg: auto_download"}}
[debug] [2021-02-21T05:19:01.563Z] Ignoring unsupported arg: port {"metadata":{"emulator":{"name":"ui"},"message":"Ignoring unsupported arg: port"}}
[debug] [2021-02-21T05:19:01.563Z] Starting Emulator UI with command {"binary":"node","args":["/Users/biancagoncalves/.cache/firebase/emulators/ui-v1.4.1/server.bundle.js"],"optionalArgs":[],"joinArgs":false} {"metadata":{"emulator":{"name":"ui"},"message":"Starting Emulator UI with command {\"binary\":\"node\",\"args\":[\"/Users/biancagoncalves/.cache/firebase/emulators/ui-v1.4.1/server.bundle.js\"],\"optionalArgs\":[],\"joinArgs\":false}"}}
[info] i  ui: Emulator UI logging to ui-debug.log {"metadata":{"emulator":{"name":"ui"},"message":"Emulator UI logging to \u001b[1mui-debug.log\u001b[22m"}}
[debug] [2021-02-21T05:19:01.663Z] Web / API server started at http://localhost:4000
 {"metadata":{"emulator":{"name":"ui"},"message":"Web / API server started at http://localhost:4000\n"}}
[info] i  functions: Watching "/Users/biancagoncalves/AmazonClone/functions" for Cloud Functions... {"metadata":{"emulator":{"name":"functions"},"message":"Watching \"/Users/biancagoncalves/AmazonClone/functions\" for Cloud Functions..."}}
[debug] [2021-02-21T05:19:01.829Z] [worker-pool] addWorker(~diagnostic~) {"metadata":{"emulator":{"name":"functions"},"message":"[worker-pool] addWorker(~diagnostic~)"}}
[debug] [2021-02-21T05:19:01.830Z] [worker-pool] Adding worker with key ~diagnostic~, total=1 {"metadata":{"emulator":{"name":"functions"},"message":"[worker-pool] Adding worker with key ~diagnostic~, total=1"}}
[debug] [2021-02-21T05:19:01.830Z] [worker-pool] submitWork(triggerId=) {"metadata":{"emulator":{"name":"functions"},"message":"[worker-pool] submitWork(triggerId=)"}}
[debug] [2021-02-21T05:19:01.830Z] [worker-~diagnostic~-d7215b8d-d397-4420-bafd-9850e5e864c6]: Assigning socketPath: /var/folders/km/4jq7l83s4r94sz5m73rchkyh0000gn/T/fire_emu_55869.sock {"metadata":{"emulator":{"name":"functions"},"message":"[worker-~diagnostic~-d7215b8d-d397-4420-bafd-9850e5e864c6]: Assigning socketPath: /var/folders/km/4jq7l83s4r94sz5m73rchkyh0000gn/T/fire_emu_55869.sock"}}
[debug] [2021-02-21T05:19:01.830Z] [worker-~diagnostic~-d7215b8d-d397-4420-bafd-9850e5e864c6]: BUSY {"metadata":{"emulator":{"name":"functions"},"message":"[worker-~diagnostic~-d7215b8d-d397-4420-bafd-9850e5e864c6]: BUSY"}}
[debug] [2021-02-21T05:19:01.928Z] [runtime-status] [55869] Functions runtime initialized. {"cwd":"/Users/biancagoncalves/AmazonClone/functions","node_version":"15.4.0"} {"metadata":{"emulator":{"name":"functions"},"message":"[runtime-status] [55869] Functions runtime initialized. {\"cwd\":\"/Users/biancagoncalves/AmazonClone/functions\",\"node_version\":\"15.4.0\"}"}}
[debug] [2021-02-21T05:19:01.928Z] [runtime-status] [55869] Disabled runtime features: undefined {"metadata":{"emulator":{"name":"functions"},"message":"[runtime-status] [55869] Disabled runtime features: undefined"}}
[debug] [2021-02-21T05:19:01.930Z] [runtime-status] [55869] Resolved module firebase-admin {"declared":true,"installed":true,"version":"9.5.0","resolution":"/Users/biancagoncalves/AmazonClone/functions/node_modules/firebase-admin/lib/index.js"} {"metadata":{"emulator":{"name":"functions"},"message":"[runtime-status] [55869] Resolved module firebase-admin {\"declared\":true,\"installed\":true,\"version\":\"9.5.0\",\"resolution\":\"/Users/biancagoncalves/AmazonClone/functions/node_modules/firebase-admin/lib/index.js\"}"}}
[debug] [2021-02-21T05:19:01.931Z] [runtime-status] [55869] Resolved module firebase-functions {"declared":true,"installed":true,"version":"3.13.1","resolution":"/Users/biancagoncalves/AmazonClone/functions/node_modules/firebase-functions/lib/index.js"} {"metadata":{"emulator":{"name":"functions"},"message":"[runtime-status] [55869] Resolved module firebase-functions {\"declared\":true,\"installed\":true,\"version\":\"3.13.1\",\"resolution\":\"/Users/biancagoncalves/AmazonClone/functions/node_modules/firebase-functions/lib/index.js\"}"}}
[debug] [2021-02-21T05:19:01.932Z] [runtime-status] [55869] Resolved module firebase-functions {"declared":true,"installed":true,"version":"3.13.1","resolution":"/Users/biancagoncalves/AmazonClone/functions/node_modules/firebase-functions/lib/index.js"} {"metadata":{"emulator":{"name":"functions"},"message":"[runtime-status] [55869] Resolved module firebase-functions {\"declared\":true,\"installed\":true,\"version\":\"3.13.1\",\"resolution\":\"/Users/biancagoncalves/AmazonClone/functions/node_modules/firebase-functions/lib/index.js\"}"}}
[debug] [2021-02-21T05:19:01.933Z] [runtime-status] [55869] Outgoing network have been stubbed. [{"name":"http","status":"mocked"},{"name":"http","status":"mocked"},{"name":"https","status":"mocked"},{"name":"https","status":"mocked"},{"name":"net","status":"mocked"}] {"metadata":{"emulator":{"name":"functions"},"message":"[runtime-status] [55869] Outgoing network have been stubbed. [{\"name\":\"http\",\"status\":\"mocked\"},{\"name\":\"http\",\"status\":\"mocked\"},{\"name\":\"https\",\"status\":\"mocked\"},{\"name\":\"https\",\"status\":\"mocked\"},{\"name\":\"net\",\"status\":\"mocked\"}]"}}
[debug] [2021-02-21T05:19:01.933Z] [runtime-status] [55869] Resolved module firebase-functions {"declared":true,"installed":true,"version":"3.13.1","resolution":"/Users/biancagoncalves/AmazonClone/functions/node_modules/firebase-functions/lib/index.js"} {"metadata":{"emulator":{"name":"functions"},"message":"[runtime-status] [55869] Resolved module firebase-functions {\"declared\":true,\"installed\":true,\"version\":\"3.13.1\",\"resolution\":\"/Users/biancagoncalves/AmazonClone/functions/node_modules/firebase-functions/lib/index.js\"}"}}
[debug] [2021-02-21T05:19:01.961Z] [runtime-status] [55869] Checked functions.config() {"config":{}} {"metadata":{"emulator":{"name":"functions"},"message":"[runtime-status] [55869] Checked functions.config() {\"config\":{}}"}}
[debug] [2021-02-21T05:19:01.961Z] [runtime-status] [55869] firebase-functions has been stubbed. {"functionsResolution":{"declared":true,"installed":true,"version":"3.13.1","resolution":"/Users/biancagoncalves/AmazonClone/functions/node_modules/firebase-functions/lib/index.js"}} {"metadata":{"emulator":{"name":"functions"},"message":"[runtime-status] [55869] firebase-functions has been stubbed. {\"functionsResolution\":{\"declared\":true,\"installed\":true,\"version\":\"3.13.1\",\"resolution\":\"/Users/biancagoncalves/AmazonClone/functions/node_modules/firebase-functions/lib/index.js\"}}"}}
[debug] [2021-02-21T05:19:01.961Z] [runtime-status] [55869] Resolved module firebase-functions {"declared":true,"installed":true,"version":"3.13.1","resolution":"/Users/biancagoncalves/AmazonClone/functions/node_modules/firebase-functions/lib/index.js"} {"metadata":{"emulator":{"name":"functions"},"message":"[runtime-status] [55869] Resolved module firebase-functions {\"declared\":true,\"installed\":true,\"version\":\"3.13.1\",\"resolution\":\"/Users/biancagoncalves/AmazonClone/functions/node_modules/firebase-functions/lib/index.js\"}"}}
[debug] [2021-02-21T05:19:01.962Z] [runtime-status] [55869] Resolved module firebase-admin {"declared":true,"installed":true,"version":"9.5.0","resolution":"/Users/biancagoncalves/AmazonClone/functions/node_modules/firebase-admin/lib/index.js"} {"metadata":{"emulator":{"name":"functions"},"message":"[runtime-status] [55869] Resolved module firebase-admin {\"declared\":true,\"installed\":true,\"version\":\"9.5.0\",\"resolution\":\"/Users/biancagoncalves/AmazonClone/functions/node_modules/firebase-admin/lib/index.js\"}"}}
[debug] [2021-02-21T05:19:01.962Z] [runtime-status] [55869] Resolved module firebase-functions {"declared":true,"installed":true,"version":"3.13.1","resolution":"/Users/biancagoncalves/AmazonClone/functions/node_modules/firebase-functions/lib/index.js"} {"metadata":{"emulator":{"name":"functions"},"message":"[runtime-status] [55869] Resolved module firebase-functions {\"declared\":true,\"installed\":true,\"version\":\"3.13.1\",\"resolution\":\"/Users/biancagoncalves/AmazonClone/functions/node_modules/firebase-functions/lib/index.js\"}"}}
[debug] [2021-02-21T05:19:01.962Z] [runtime-status] [55869] firebase-admin has been stubbed. {"adminResolution":{"declared":true,"installed":true,"version":"9.5.0","resolution":"/Users/biancagoncalves/AmazonClone/functions/node_modules/firebase-admin/lib/index.js"}} {"metadata":{"emulator":{"name":"functions"},"message":"[runtime-status] [55869] firebase-admin has been stubbed. {\"adminResolution\":{\"declared\":true,\"installed\":true,\"version\":\"9.5.0\",\"resolution\":\"/Users/biancagoncalves/AmazonClone/functions/node_modules/firebase-admin/lib/index.js\"}}"}}
[info] ✔  functions[api]: http function initialized (http://localhost:5001/challenge-f7914/us-central1/api). {"metadata":{"emulator":{"name":"functions"},"message":"\u001b[1mhttp\u001b[22m function initialized (http://localhost:5001/challenge-f7914/us-central1/api)."}}
[info] 
┌─────────────────────────────────────────────────────────────┐
│ ✔  All emulators ready! It is now safe to connect your app. │
│ i  View Emulator UI at http://localhost:4000                │
└─────────────────────────────────────────────────────────────┘

┌───────────┬────────────────┬─────────────────────────────────┐
│ Emulator  │ Host:Port      │ View in Emulator UI             │
├───────────┼────────────────┼─────────────────────────────────┤
│ Functions │ localhost:5001 │ http://localhost:4000/functions │
├───────────┼────────────────┼─────────────────────────────────┤
│ Hosting   │ localhost:5000 │ n/a                             │
└───────────┴────────────────┴─────────────────────────────────┘
  Emulator Hub running at localhost:4400
  Other reserved ports: 4500

Issues? Report them at https://github.com/firebase/firebase-tools/issues and attach the *-debug.log files.
 
[debug] [2021-02-21T05:19:02.036Z] [worker-~diagnostic~-d7215b8d-d397-4420-bafd-9850e5e864c6]: IDLE {"metadata":{"emulator":{"name":"functions"},"message":"[worker-~diagnostic~-d7215b8d-d397-4420-bafd-9850e5e864c6]: IDLE"}}
[debug] [2021-02-21T05:19:21.307Z] [work-queue] {"queueLength":1,"workRunningCount":0}
[debug] [2021-02-21T05:19:21.307Z] [work-queue] {"queueLength":0,"workRunningCount":1}
[debug] [2021-02-21T05:19:21.307Z] Accepted request GET /challenge-f7914/us-central1/api --> api
[debug] [2021-02-21T05:19:21.311Z] [worker-pool] addWorker(api) {"metadata":{"emulator":{"name":"functions"},"message":"[worker-pool] addWorker(api)"}}
[debug] [2021-02-21T05:19:21.311Z] [worker-pool] Adding worker with key api, total=1 {"metadata":{"emulator":{"name":"functions"},"message":"[worker-pool] Adding worker with key api, total=1"}}
[debug] [2021-02-21T05:19:21.312Z] [worker-pool] submitWork(triggerId=api) {"metadata":{"emulator":{"name":"functions"},"message":"[worker-pool] submitWork(triggerId=api)"}}
[debug] [2021-02-21T05:19:21.312Z] [worker-api-5124cdf0-c6d1-47a3-96cf-05fb47f6f6a3]: Assigning socketPath: /var/folders/km/4jq7l83s4r94sz5m73rchkyh0000gn/T/fire_emu_55883.sock {"metadata":{"emulator":{"name":"functions"},"message":"[worker-api-5124cdf0-c6d1-47a3-96cf-05fb47f6f6a3]: Assigning socketPath: /var/folders/km/4jq7l83s4r94sz5m73rchkyh0000gn/T/fire_emu_55883.sock"}}
[debug] [2021-02-21T05:19:21.312Z] [worker-api-5124cdf0-c6d1-47a3-96cf-05fb47f6f6a3]: BUSY {"metadata":{"emulator":{"name":"functions"},"message":"[worker-api-5124cdf0-c6d1-47a3-96cf-05fb47f6f6a3]: BUSY"}}
[debug] [2021-02-21T05:19:21.412Z] [runtime-status] [55883] Functions runtime initialized. {"cwd":"/Users/biancagoncalves/AmazonClone/functions","node_version":"15.4.0"} {"metadata":{"emulator":{"name":"functions"},"function":{"name":"api"},"message":"[runtime-status] [55883] Functions runtime initialized. {\"cwd\":\"/Users/biancagoncalves/AmazonClone/functions\",\"node_version\":\"15.4.0\"}"}}
[debug] [2021-02-21T05:19:21.413Z] [runtime-status] [55883] Disabled runtime features: undefined {"metadata":{"emulator":{"name":"functions"},"function":{"name":"api"},"message":"[runtime-status] [55883] Disabled runtime features: undefined"}}
[debug] [2021-02-21T05:19:21.415Z] [runtime-status] [55883] Resolved module firebase-admin {"declared":true,"installed":true,"version":"9.5.0","resolution":"/Users/biancagoncalves/AmazonClone/functions/node_modules/firebase-admin/lib/index.js"} {"metadata":{"emulator":{"name":"functions"},"function":{"name":"api"},"message":"[runtime-status] [55883] Resolved module firebase-admin {\"declared\":true,\"installed\":true,\"version\":\"9.5.0\",\"resolution\":\"/Users/biancagoncalves/AmazonClone/functions/node_modules/firebase-admin/lib/index.js\"}"}}
[debug] [2021-02-21T05:19:21.415Z] [runtime-status] [55883] Resolved module firebase-functions {"declared":true,"installed":true,"version":"3.13.1","resolution":"/Users/biancagoncalves/AmazonClone/functions/node_modules/firebase-functions/lib/index.js"} {"metadata":{"emulator":{"name":"functions"},"function":{"name":"api"},"message":"[runtime-status] [55883] Resolved module firebase-functions {\"declared\":true,\"installed\":true,\"version\":\"3.13.1\",\"resolution\":\"/Users/biancagoncalves/AmazonClone/functions/node_modules/firebase-functions/lib/index.js\"}"}}
[debug] [2021-02-21T05:19:21.416Z] [runtime-status] [55883] Resolved module firebase-functions {"declared":true,"installed":true,"version":"3.13.1","resolution":"/Users/biancagoncalves/AmazonClone/functions/node_modules/firebase-functions/lib/index.js"} {"metadata":{"emulator":{"name":"functions"},"function":{"name":"api"},"message":"[runtime-status] [55883] Resolved module firebase-functions {\"declared\":true,\"installed\":true,\"version\":\"3.13.1\",\"resolution\":\"/Users/biancagoncalves/AmazonClone/functions/node_modules/firebase-functions/lib/index.js\"}"}}
[debug] [2021-02-21T05:19:21.418Z] [runtime-status] [55883] Outgoing network have been stubbed. [{"name":"http","status":"mocked"},{"name":"http","status":"mocked"},{"name":"https","status":"mocked"},{"name":"https","status":"mocked"},{"name":"net","status":"mocked"}] {"metadata":{"emulator":{"name":"functions"},"function":{"name":"api"},"message":"[runtime-status] [55883] Outgoing network have been stubbed. [{\"name\":\"http\",\"status\":\"mocked\"},{\"name\":\"http\",\"status\":\"mocked\"},{\"name\":\"https\",\"status\":\"mocked\"},{\"name\":\"https\",\"status\":\"mocked\"},{\"name\":\"net\",\"status\":\"mocked\"}]"}}
[debug] [2021-02-21T05:19:21.418Z] [runtime-status] [55883] Resolved module firebase-functions {"declared":true,"installed":true,"version":"3.13.1","resolution":"/Users/biancagoncalves/AmazonClone/functions/node_modules/firebase-functions/lib/index.js"} {"metadata":{"emulator":{"name":"functions"},"function":{"name":"api"},"message":"[runtime-status] [55883] Resolved module firebase-functions {\"declared\":true,\"installed\":true,\"version\":\"3.13.1\",\"resolution\":\"/Users/biancagoncalves/AmazonClone/functions/node_modules/firebase-functions/lib/index.js\"}"}}
[debug] [2021-02-21T05:19:21.447Z] [runtime-status] [55883] Checked functions.config() {"config":{}} {"metadata":{"emulator":{"name":"functions"},"function":{"name":"api"},"message":"[runtime-status] [55883] Checked functions.config() {\"config\":{}}"}}
[debug] [2021-02-21T05:19:21.447Z] [runtime-status] [55883] firebase-functions has been stubbed. {"functionsResolution":{"declared":true,"installed":true,"version":"3.13.1","resolution":"/Users/biancagoncalves/AmazonClone/functions/node_modules/firebase-functions/lib/index.js"}} {"metadata":{"emulator":{"name":"functions"},"function":{"name":"api"},"message":"[runtime-status] [55883] firebase-functions has been stubbed. {\"functionsResolution\":{\"declared\":true,\"installed\":true,\"version\":\"3.13.1\",\"resolution\":\"/Users/biancagoncalves/AmazonClone/functions/node_modules/firebase-functions/lib/index.js\"}}"}}
[debug] [2021-02-21T05:19:21.447Z] [runtime-status] [55883] Resolved module firebase-functions {"declared":true,"installed":true,"version":"3.13.1","resolution":"/Users/biancagoncalves/AmazonClone/functions/node_modules/firebase-functions/lib/index.js"} {"metadata":{"emulator":{"name":"functions"},"function":{"name":"api"},"message":"[runtime-status] [55883] Resolved module firebase-functions {\"declared\":true,\"installed\":true,\"version\":\"3.13.1\",\"resolution\":\"/Users/biancagoncalves/AmazonClone/functions/node_modules/firebase-functions/lib/index.js\"}"}}
[debug] [2021-02-21T05:19:21.448Z] [runtime-status] [55883] Resolved module firebase-admin {"declared":true,"installed":true,"version":"9.5.0","resolution":"/Users/biancagoncalves/AmazonClone/functions/node_modules/firebase-admin/lib/index.js"} {"metadata":{"emulator":{"name":"functions"},"function":{"name":"api"},"message":"[runtime-status] [55883] Resolved module firebase-admin {\"declared\":true,\"installed\":true,\"version\":\"9.5.0\",\"resolution\":\"/Users/biancagoncalves/AmazonClone/functions/node_modules/firebase-admin/lib/index.js\"}"}}
[debug] [2021-02-21T05:19:21.448Z] [runtime-status] [55883] Resolved module firebase-functions {"declared":true,"installed":true,"version":"3.13.1","resolution":"/Users/biancagoncalves/AmazonClone/functions/node_modules/firebase-functions/lib/index.js"} {"metadata":{"emulator":{"name":"functions"},"function":{"name":"api"},"message":"[runtime-status] [55883] Resolved module firebase-functions {\"declared\":true,\"installed\":true,\"version\":\"3.13.1\",\"resolution\":\"/Users/biancagoncalves/AmazonClone/functions/node_modules/firebase-functions/lib/index.js\"}"}}
[debug] [2021-02-21T05:19:21.448Z] [runtime-status] [55883] firebase-admin has been stubbed. {"adminResolution":{"declared":true,"installed":true,"version":"9.5.0","resolution":"/Users/biancagoncalves/AmazonClone/functions/node_modules/firebase-admin/lib/index.js"}} {"metadata":{"emulator":{"name":"functions"},"function":{"name":"api"},"message":"[runtime-status] [55883] firebase-admin has been stubbed. {\"adminResolution\":{\"declared\":true,\"installed\":true,\"version\":\"9.5.0\",\"resolution\":\"/Users/biancagoncalves/AmazonClone/functions/node_modules/firebase-admin/lib/index.js\"}}"}}
[debug] [2021-02-21T05:19:21.516Z] [runtime-status] [55883] Trigger "api" has been found, beginning invocation! {"metadata":{"emulator":{"name":"functions"},"function":{"name":"api"},"message":"[runtime-status] [55883] Trigger \"api\" has been found, beginning invocation!"}}
[info] i  functions: Beginning execution of "api" {"metadata":{"emulator":{"name":"functions"},"function":{"name":"api"},"message":"Beginning execution of \"api\""}}
[debug] [2021-02-21T05:19:21.517Z] [runtime-status] [55883] triggerDefinition {"httpsTrigger":{},"name":"api","entryPoint":"api"} {"metadata":{"emulator":{"name":"functions"},"function":{"name":"api"},"message":"[runtime-status] [55883] triggerDefinition {\"httpsTrigger\":{},\"name\":\"api\",\"entryPoint\":\"api\"}"}}
[debug] [2021-02-21T05:19:21.517Z] [runtime-status] [55883] Running api in mode HTTPS {"metadata":{"emulator":{"name":"functions"},"function":{"name":"api"},"message":"[runtime-status] [55883] Running api in mode HTTPS"}}
[debug] [2021-02-21T05:19:21.519Z] [runtime-status] [55883] Attempting to listen to socketPath: /var/folders/km/4jq7l83s4r94sz5m73rchkyh0000gn/T/fire_emu_55883.sock {"metadata":{"emulator":{"name":"functions"},"function":{"name":"api"},"message":"[runtime-status] [55883] Attempting to listen to socketPath: /var/folders/km/4jq7l83s4r94sz5m73rchkyh0000gn/T/fire_emu_55883.sock"}}
[debug] [2021-02-21T05:19:21.521Z] [functions] Runtime ready! Sending request! {"metadata":{"emulator":{"name":"functions"},"message":"[functions] Runtime ready! Sending request!"}}
[debug] [2021-02-21T05:19:21.522Z] [functions] Got req.url=/challenge-f7914/us-central1/api, mapping to path=/ {"metadata":{"emulator":{"name":"functions"},"message":"[functions] Got req.url=/challenge-f7914/us-central1/api, mapping to path=/"}}
[debug] [2021-02-21T05:19:21.529Z] [runtime-status] [55883] Ephemeral server handling GET request {"metadata":{"emulator":{"name":"functions"},"function":{"name":"api"},"message":"[runtime-status] [55883] Ephemeral server handling GET request"}}
[debug] [2021-02-21T05:19:21.534Z] [runtime-status] [55883] Ephemeral server survived. {"metadata":{"emulator":{"name":"functions"},"function":{"name":"api"},"message":"[runtime-status] [55883] Ephemeral server survived."}}
[info] i  functions: Finished "api" in ~1s {"metadata":{"emulator":{"name":"functions"},"function":{"name":"api"},"message":"Finished \"api\" in ~1s"}}
[debug] [2021-02-21T05:19:21.536Z] [worker-api-5124cdf0-c6d1-47a3-96cf-05fb47f6f6a3]: IDLE {"metadata":{"emulator":{"name":"functions"},"message":"[worker-api-5124cdf0-c6d1-47a3-96cf-05fb47f6f6a3]: IDLE"}}
[debug] [2021-02-21T05:19:21.536Z] [work-queue] {"queueLength":0,"workRunningCount":0}
[info] i  hosting: 127.0.0.1 - - [21/Feb/2021:05:19:35 +0000] "GET / HTTP/1.1" 200 3032 "-" "Mozilla/5.0 (Macintosh; Intel Mac OS X 10_15_7) AppleWebKit/537.36 (KHTML, like Gecko) Chrome/88.0.4324.150 Safari/537.36" {"metadata":{"emulator":{"name":"hosting"},"message":"127.0.0.1 - - [21/Feb/2021:05:19:35 +0000] \"GET / HTTP/1.1\" 200 3032 \"-\" \"Mozilla/5.0 (Macintosh; Intel Mac OS X 10_15_7) AppleWebKit/537.36 (KHTML, like Gecko) Chrome/88.0.4324.150 Safari/537.36\""}}
[info] i  hosting: 127.0.0.1 - - [21/Feb/2021:05:19:35 +0000] "GET /static/css/main.9ec20253.chunk.css HTTP/1.1" 200 3955 "http://localhost:5000/" "Mozilla/5.0 (Macintosh; Intel Mac OS X 10_15_7) AppleWebKit/537.36 (KHTML, like Gecko) Chrome/88.0.4324.150 Safari/537.36" {"metadata":{"emulator":{"name":"hosting"},"message":"127.0.0.1 - - [21/Feb/2021:05:19:35 +0000] \"GET /static/css/main.9ec20253.chunk.css HTTP/1.1\" 200 3955 \"http://localhost:5000/\" \"Mozilla/5.0 (Macintosh; Intel Mac OS X 10_15_7) AppleWebKit/537.36 (KHTML, like Gecko) Chrome/88.0.4324.150 Safari/537.36\""}}
[info] i  hosting: 127.0.0.1 - - [21/Feb/2021:05:19:35 +0000] "GET /static/js/main.cff824f0.chunk.js HTTP/1.1" 200 10588 "http://localhost:5000/" "Mozilla/5.0 (Macintosh; Intel Mac OS X 10_15_7) AppleWebKit/537.36 (KHTML, like Gecko) Chrome/88.0.4324.150 Safari/537.36" {"metadata":{"emulator":{"name":"hosting"},"message":"127.0.0.1 - - [21/Feb/2021:05:19:35 +0000] \"GET /static/js/main.cff824f0.chunk.js HTTP/1.1\" 200 10588 \"http://localhost:5000/\" \"Mozilla/5.0 (Macintosh; Intel Mac OS X 10_15_7) AppleWebKit/537.36 (KHTML, like Gecko) Chrome/88.0.4324.150 Safari/537.36\""}}
[info] i  hosting: 127.0.0.1 - - [21/Feb/2021:05:19:35 +0000] "GET /static/js/2.6d48872d.chunk.js HTTP/1.1" 200 1072737 "http://localhost:5000/" "Mozilla/5.0 (Macintosh; Intel Mac OS X 10_15_7) AppleWebKit/537.36 (KHTML, like Gecko) Chrome/88.0.4324.150 Safari/537.36" {"metadata":{"emulator":{"name":"hosting"},"message":"127.0.0.1 - - [21/Feb/2021:05:19:35 +0000] \"GET /static/js/2.6d48872d.chunk.js HTTP/1.1\" 200 1072737 \"http://localhost:5000/\" \"Mozilla/5.0 (Macintosh; Intel Mac OS X 10_15_7) AppleWebKit/537.36 (KHTML, like Gecko) Chrome/88.0.4324.150 Safari/537.36\""}}
[info] i  hosting: 127.0.0.1 - - [21/Feb/2021:05:19:35 +0000] "GET /manifest.json HTTP/1.1" 200 492 "http://localhost:5000/" "Mozilla/5.0 (Macintosh; Intel Mac OS X 10_15_7) AppleWebKit/537.36 (KHTML, like Gecko) Chrome/88.0.4324.150 Safari/537.36" {"metadata":{"emulator":{"name":"hosting"},"message":"127.0.0.1 - - [21/Feb/2021:05:19:35 +0000] \"GET /manifest.json HTTP/1.1\" 200 492 \"http://localhost:5000/\" \"Mozilla/5.0 (Macintosh; Intel Mac OS X 10_15_7) AppleWebKit/537.36 (KHTML, like Gecko) Chrome/88.0.4324.150 Safari/537.36\""}}
[info] i  hosting: 127.0.0.1 - - [21/Feb/2021:05:19:35 +0000] "GET /logo192.png HTTP/1.1" 200 5347 "http://localhost:5000/" "Mozilla/5.0 (Macintosh; Intel Mac OS X 10_15_7) AppleWebKit/537.36 (KHTML, like Gecko) Chrome/88.0.4324.150 Safari/537.36" {"metadata":{"emulator":{"name":"hosting"},"message":"127.0.0.1 - - [21/Feb/2021:05:19:35 +0000] \"GET /logo192.png HTTP/1.1\" 200 5347 \"http://localhost:5000/\" \"Mozilla/5.0 (Macintosh; Intel Mac OS X 10_15_7) AppleWebKit/537.36 (KHTML, like Gecko) Chrome/88.0.4324.150 Safari/537.36\""}}
[info] i  hosting: 127.0.0.1 - - [21/Feb/2021:05:19:52 +0000] "GET /static/js/main.cff824f0.chunk.js.map HTTP/1.1" 200 24608 "-" "Mozilla/5.0 (Macintosh; Intel Mac OS X 10_15_7) AppleWebKit/537.36 (KHTML, like Gecko) Chrome/88.0.4324.150 Safari/537.36" {"metadata":{"emulator":{"name":"hosting"},"message":"127.0.0.1 - - [21/Feb/2021:05:19:52 +0000] \"GET /static/js/main.cff824f0.chunk.js.map HTTP/1.1\" 200 24608 \"-\" \"Mozilla/5.0 (Macintosh; Intel Mac OS X 10_15_7) AppleWebKit/537.36 (KHTML, like Gecko) Chrome/88.0.4324.150 Safari/537.36\""}}
[info] i  hosting: 127.0.0.1 - - [21/Feb/2021:05:19:52 +0000] "GET /static/css/main.9ec20253.chunk.css.map HTTP/1.1" 200 7601 "-" "Mozilla/5.0 (Macintosh; Intel Mac OS X 10_15_7) AppleWebKit/537.36 (KHTML, like Gecko) Chrome/88.0.4324.150 Safari/537.36" {"metadata":{"emulator":{"name":"hosting"},"message":"127.0.0.1 - - [21/Feb/2021:05:19:52 +0000] \"GET /static/css/main.9ec20253.chunk.css.map HTTP/1.1\" 200 7601 \"-\" \"Mozilla/5.0 (Macintosh; Intel Mac OS X 10_15_7) AppleWebKit/537.36 (KHTML, like Gecko) Chrome/88.0.4324.150 Safari/537.36\""}}
[info] i  hosting: 127.0.0.1 - - [21/Feb/2021:05:19:52 +0000] "GET /static/js/2.6d48872d.chunk.js.map HTTP/1.1" 200 4006835 "-" "Mozilla/5.0 (Macintosh; Intel Mac OS X 10_15_7) AppleWebKit/537.36 (KHTML, like Gecko) Chrome/88.0.4324.150 Safari/537.36" {"metadata":{"emulator":{"name":"hosting"},"message":"127.0.0.1 - - [21/Feb/2021:05:19:52 +0000] \"GET /static/js/2.6d48872d.chunk.js.map HTTP/1.1\" 200 4006835 \"-\" \"Mozilla/5.0 (Macintosh; Intel Mac OS X 10_15_7) AppleWebKit/537.36 (KHTML, like Gecko) Chrome/88.0.4324.150 Safari/537.36\""}}
[debug] [2021-02-21T05:35:13.763Z] File /Users/biancagoncalves/AmazonClone/functions/index.js changed, reloading triggers {"metadata":{"emulator":{"name":"functions"},"message":"File /Users/biancagoncalves/AmazonClone/functions/index.js changed, reloading triggers"}}
[debug] [2021-02-21T05:35:14.765Z] [worker-pool] Shutting down IDLE worker (~diagnostic~) {"metadata":{"emulator":{"name":"functions"},"message":"[worker-pool] Shutting down IDLE worker (~diagnostic~)"}}
[debug] [2021-02-21T05:35:14.765Z] [worker-~diagnostic~-d7215b8d-d397-4420-bafd-9850e5e864c6]: FINISHING {"metadata":{"emulator":{"name":"functions"},"message":"[worker-~diagnostic~-d7215b8d-d397-4420-bafd-9850e5e864c6]: FINISHING"}}
[debug] [2021-02-21T05:35:14.765Z] [worker-pool] Shutting down IDLE worker (api) {"metadata":{"emulator":{"name":"functions"},"message":"[worker-pool] Shutting down IDLE worker (api)"}}
[debug] [2021-02-21T05:35:14.765Z] [worker-api-5124cdf0-c6d1-47a3-96cf-05fb47f6f6a3]: FINISHING {"metadata":{"emulator":{"name":"functions"},"message":"[worker-api-5124cdf0-c6d1-47a3-96cf-05fb47f6f6a3]: FINISHING"}}
[debug] [2021-02-21T05:35:14.769Z] [worker-pool] addWorker(~diagnostic~) {"metadata":{"emulator":{"name":"functions"},"message":"[worker-pool] addWorker(~diagnostic~)"}}
[debug] [2021-02-21T05:35:14.770Z] [worker-pool] Adding worker with key ~diagnostic~, total=2 {"metadata":{"emulator":{"name":"functions"},"message":"[worker-pool] Adding worker with key ~diagnostic~, total=2"}}
[debug] [2021-02-21T05:35:14.770Z] [worker-pool] submitWork(triggerId=) {"metadata":{"emulator":{"name":"functions"},"message":"[worker-pool] submitWork(triggerId=)"}}
[debug] [2021-02-21T05:35:14.770Z] [worker-~diagnostic~-d8fc96c2-efc0-446d-b588-3e7b9658451e]: Assigning socketPath: /var/folders/km/4jq7l83s4r94sz5m73rchkyh0000gn/T/fire_emu_56038.sock {"metadata":{"emulator":{"name":"functions"},"message":"[worker-~diagnostic~-d8fc96c2-efc0-446d-b588-3e7b9658451e]: Assigning socketPath: /var/folders/km/4jq7l83s4r94sz5m73rchkyh0000gn/T/fire_emu_56038.sock"}}
[debug] [2021-02-21T05:35:14.770Z] [worker-~diagnostic~-d8fc96c2-efc0-446d-b588-3e7b9658451e]: BUSY {"metadata":{"emulator":{"name":"functions"},"message":"[worker-~diagnostic~-d8fc96c2-efc0-446d-b588-3e7b9658451e]: BUSY"}}
[debug] [2021-02-21T05:35:14.772Z] [worker-~diagnostic~-d7215b8d-d397-4420-bafd-9850e5e864c6]: exited {"metadata":{"emulator":{"name":"functions"},"message":"[worker-~diagnostic~-d7215b8d-d397-4420-bafd-9850e5e864c6]: exited"}}
[debug] [2021-02-21T05:35:14.772Z] [worker-~diagnostic~-d7215b8d-d397-4420-bafd-9850e5e864c6]: FINISHED {"metadata":{"emulator":{"name":"functions"},"message":"[worker-~diagnostic~-d7215b8d-d397-4420-bafd-9850e5e864c6]: FINISHED"}}
[debug] [2021-02-21T05:35:14.772Z] [worker-api-5124cdf0-c6d1-47a3-96cf-05fb47f6f6a3]: exited {"metadata":{"emulator":{"name":"functions"},"message":"[worker-api-5124cdf0-c6d1-47a3-96cf-05fb47f6f6a3]: exited"}}
[debug] [2021-02-21T05:35:14.772Z] [worker-api-5124cdf0-c6d1-47a3-96cf-05fb47f6f6a3]: FINISHED {"metadata":{"emulator":{"name":"functions"},"message":"[worker-api-5124cdf0-c6d1-47a3-96cf-05fb47f6f6a3]: FINISHED"}}
[debug] [2021-02-21T05:35:14.868Z] [runtime-status] [56038] Functions runtime initialized. {"cwd":"/Users/biancagoncalves/AmazonClone/functions","node_version":"15.4.0"} {"metadata":{"emulator":{"name":"functions"},"message":"[runtime-status] [56038] Functions runtime initialized. {\"cwd\":\"/Users/biancagoncalves/AmazonClone/functions\",\"node_version\":\"15.4.0\"}"}}
[debug] [2021-02-21T05:35:14.869Z] [runtime-status] [56038] Disabled runtime features: undefined {"metadata":{"emulator":{"name":"functions"},"message":"[runtime-status] [56038] Disabled runtime features: undefined"}}
[debug] [2021-02-21T05:35:14.870Z] [runtime-status] [56038] Resolved module firebase-admin {"declared":true,"installed":true,"version":"9.5.0","resolution":"/Users/biancagoncalves/AmazonClone/functions/node_modules/firebase-admin/lib/index.js"} {"metadata":{"emulator":{"name":"functions"},"message":"[runtime-status] [56038] Resolved module firebase-admin {\"declared\":true,\"installed\":true,\"version\":\"9.5.0\",\"resolution\":\"/Users/biancagoncalves/AmazonClone/functions/node_modules/firebase-admin/lib/index.js\"}"}}
[debug] [2021-02-21T05:35:14.871Z] [runtime-status] [56038] Resolved module firebase-functions {"declared":true,"installed":true,"version":"3.13.1","resolution":"/Users/biancagoncalves/AmazonClone/functions/node_modules/firebase-functions/lib/index.js"} {"metadata":{"emulator":{"name":"functions"},"message":"[runtime-status] [56038] Resolved module firebase-functions {\"declared\":true,\"installed\":true,\"version\":\"3.13.1\",\"resolution\":\"/Users/biancagoncalves/AmazonClone/functions/node_modules/firebase-functions/lib/index.js\"}"}}
[debug] [2021-02-21T05:35:14.872Z] [runtime-status] [56038] Resolved module firebase-functions {"declared":true,"installed":true,"version":"3.13.1","resolution":"/Users/biancagoncalves/AmazonClone/functions/node_modules/firebase-functions/lib/index.js"} {"metadata":{"emulator":{"name":"functions"},"message":"[runtime-status] [56038] Resolved module firebase-functions {\"declared\":true,\"installed\":true,\"version\":\"3.13.1\",\"resolution\":\"/Users/biancagoncalves/AmazonClone/functions/node_modules/firebase-functions/lib/index.js\"}"}}
[debug] [2021-02-21T05:35:14.873Z] [runtime-status] [56038] Outgoing network have been stubbed. [{"name":"http","status":"mocked"},{"name":"http","status":"mocked"},{"name":"https","status":"mocked"},{"name":"https","status":"mocked"},{"name":"net","status":"mocked"}] {"metadata":{"emulator":{"name":"functions"},"message":"[runtime-status] [56038] Outgoing network have been stubbed. [{\"name\":\"http\",\"status\":\"mocked\"},{\"name\":\"http\",\"status\":\"mocked\"},{\"name\":\"https\",\"status\":\"mocked\"},{\"name\":\"https\",\"status\":\"mocked\"},{\"name\":\"net\",\"status\":\"mocked\"}]"}}
[debug] [2021-02-21T05:35:14.874Z] [runtime-status] [56038] Resolved module firebase-functions {"declared":true,"installed":true,"version":"3.13.1","resolution":"/Users/biancagoncalves/AmazonClone/functions/node_modules/firebase-functions/lib/index.js"} {"metadata":{"emulator":{"name":"functions"},"message":"[runtime-status] [56038] Resolved module firebase-functions {\"declared\":true,\"installed\":true,\"version\":\"3.13.1\",\"resolution\":\"/Users/biancagoncalves/AmazonClone/functions/node_modules/firebase-functions/lib/index.js\"}"}}
[debug] [2021-02-21T05:35:14.903Z] [runtime-status] [56038] Checked functions.config() {"config":{}} {"metadata":{"emulator":{"name":"functions"},"message":"[runtime-status] [56038] Checked functions.config() {\"config\":{}}"}}
[debug] [2021-02-21T05:35:14.903Z] [runtime-status] [56038] firebase-functions has been stubbed. {"functionsResolution":{"declared":true,"installed":true,"version":"3.13.1","resolution":"/Users/biancagoncalves/AmazonClone/functions/node_modules/firebase-functions/lib/index.js"}} {"metadata":{"emulator":{"name":"functions"},"message":"[runtime-status] [56038] firebase-functions has been stubbed. {\"functionsResolution\":{\"declared\":true,\"installed\":true,\"version\":\"3.13.1\",\"resolution\":\"/Users/biancagoncalves/AmazonClone/functions/node_modules/firebase-functions/lib/index.js\"}}"}}
[debug] [2021-02-21T05:35:14.903Z] [runtime-status] [56038] Resolved module firebase-functions {"declared":true,"installed":true,"version":"3.13.1","resolution":"/Users/biancagoncalves/AmazonClone/functions/node_modules/firebase-functions/lib/index.js"} {"metadata":{"emulator":{"name":"functions"},"message":"[runtime-status] [56038] Resolved module firebase-functions {\"declared\":true,\"installed\":true,\"version\":\"3.13.1\",\"resolution\":\"/Users/biancagoncalves/AmazonClone/functions/node_modules/firebase-functions/lib/index.js\"}"}}
[debug] [2021-02-21T05:35:14.904Z] [runtime-status] [56038] Resolved module firebase-admin {"declared":true,"installed":true,"version":"9.5.0","resolution":"/Users/biancagoncalves/AmazonClone/functions/node_modules/firebase-admin/lib/index.js"} {"metadata":{"emulator":{"name":"functions"},"message":"[runtime-status] [56038] Resolved module firebase-admin {\"declared\":true,\"installed\":true,\"version\":\"9.5.0\",\"resolution\":\"/Users/biancagoncalves/AmazonClone/functions/node_modules/firebase-admin/lib/index.js\"}"}}
[debug] [2021-02-21T05:35:14.904Z] [runtime-status] [56038] Resolved module firebase-functions {"declared":true,"installed":true,"version":"3.13.1","resolution":"/Users/biancagoncalves/AmazonClone/functions/node_modules/firebase-functions/lib/index.js"} {"metadata":{"emulator":{"name":"functions"},"message":"[runtime-status] [56038] Resolved module firebase-functions {\"declared\":true,\"installed\":true,\"version\":\"3.13.1\",\"resolution\":\"/Users/biancagoncalves/AmazonClone/functions/node_modules/firebase-functions/lib/index.js\"}"}}
[debug] [2021-02-21T05:35:14.904Z] [runtime-status] [56038] firebase-admin has been stubbed. {"adminResolution":{"declared":true,"installed":true,"version":"9.5.0","resolution":"/Users/biancagoncalves/AmazonClone/functions/node_modules/firebase-admin/lib/index.js"}} {"metadata":{"emulator":{"name":"functions"},"message":"[runtime-status] [56038] firebase-admin has been stubbed. {\"adminResolution\":{\"declared\":true,\"installed\":true,\"version\":\"9.5.0\",\"resolution\":\"/Users/biancagoncalves/AmazonClone/functions/node_modules/firebase-admin/lib/index.js\"}}"}}
[debug] [2021-02-21T05:35:14.969Z] [worker-~diagnostic~-d8fc96c2-efc0-446d-b588-3e7b9658451e]: IDLE {"metadata":{"emulator":{"name":"functions"},"message":"[worker-~diagnostic~-d8fc96c2-efc0-446d-b588-3e7b9658451e]: IDLE"}}
[debug] [2021-02-21T05:35:27.459Z] File /Users/biancagoncalves/AmazonClone/functions/index.js changed, reloading triggers {"metadata":{"emulator":{"name":"functions"},"message":"File /Users/biancagoncalves/AmazonClone/functions/index.js changed, reloading triggers"}}
[debug] [2021-02-21T05:35:28.462Z] [worker-pool] Shutting down IDLE worker (~diagnostic~) {"metadata":{"emulator":{"name":"functions"},"message":"[worker-pool] Shutting down IDLE worker (~diagnostic~)"}}
[debug] [2021-02-21T05:35:28.462Z] [worker-~diagnostic~-d8fc96c2-efc0-446d-b588-3e7b9658451e]: FINISHING {"metadata":{"emulator":{"name":"functions"},"message":"[worker-~diagnostic~-d8fc96c2-efc0-446d-b588-3e7b9658451e]: FINISHING"}}
[debug] [2021-02-21T05:35:28.462Z] [worker-pool] Cleaned up workers for ~diagnostic~: 2 --> 1 {"metadata":{"emulator":{"name":"functions"},"message":"[worker-pool] Cleaned up workers for ~diagnostic~: 2 --> 1"}}
[debug] [2021-02-21T05:35:28.462Z] [worker-pool] Cleaned up workers for api: 1 --> 0 {"metadata":{"emulator":{"name":"functions"},"message":"[worker-pool] Cleaned up workers for api: 1 --> 0"}}
[debug] [2021-02-21T05:35:28.466Z] [worker-pool] addWorker(~diagnostic~) {"metadata":{"emulator":{"name":"functions"},"message":"[worker-pool] addWorker(~diagnostic~)"}}
[debug] [2021-02-21T05:35:28.466Z] [worker-pool] Adding worker with key ~diagnostic~, total=2 {"metadata":{"emulator":{"name":"functions"},"message":"[worker-pool] Adding worker with key ~diagnostic~, total=2"}}
[debug] [2021-02-21T05:35:28.466Z] [worker-pool] submitWork(triggerId=) {"metadata":{"emulator":{"name":"functions"},"message":"[worker-pool] submitWork(triggerId=)"}}
[debug] [2021-02-21T05:35:28.467Z] [worker-~diagnostic~-6c26b79a-17e5-4306-9632-0cb48deac763]: Assigning socketPath: /var/folders/km/4jq7l83s4r94sz5m73rchkyh0000gn/T/fire_emu_56048.sock {"metadata":{"emulator":{"name":"functions"},"message":"[worker-~diagnostic~-6c26b79a-17e5-4306-9632-0cb48deac763]: Assigning socketPath: /var/folders/km/4jq7l83s4r94sz5m73rchkyh0000gn/T/fire_emu_56048.sock"}}
[debug] [2021-02-21T05:35:28.467Z] [worker-~diagnostic~-6c26b79a-17e5-4306-9632-0cb48deac763]: BUSY {"metadata":{"emulator":{"name":"functions"},"message":"[worker-~diagnostic~-6c26b79a-17e5-4306-9632-0cb48deac763]: BUSY"}}
[debug] [2021-02-21T05:35:28.467Z] [worker-~diagnostic~-d8fc96c2-efc0-446d-b588-3e7b9658451e]: exited {"metadata":{"emulator":{"name":"functions"},"message":"[worker-~diagnostic~-d8fc96c2-efc0-446d-b588-3e7b9658451e]: exited"}}
[debug] [2021-02-21T05:35:28.467Z] [worker-~diagnostic~-d8fc96c2-efc0-446d-b588-3e7b9658451e]: FINISHED {"metadata":{"emulator":{"name":"functions"},"message":"[worker-~diagnostic~-d8fc96c2-efc0-446d-b588-3e7b9658451e]: FINISHED"}}
[debug] [2021-02-21T05:35:28.567Z] [runtime-status] [56048] Functions runtime initialized. {"cwd":"/Users/biancagoncalves/AmazonClone/functions","node_version":"15.4.0"} {"metadata":{"emulator":{"name":"functions"},"message":"[runtime-status] [56048] Functions runtime initialized. {\"cwd\":\"/Users/biancagoncalves/AmazonClone/functions\",\"node_version\":\"15.4.0\"}"}}
[debug] [2021-02-21T05:35:28.568Z] [runtime-status] [56048] Disabled runtime features: undefined {"metadata":{"emulator":{"name":"functions"},"message":"[runtime-status] [56048] Disabled runtime features: undefined"}}
[debug] [2021-02-21T05:35:28.570Z] [runtime-status] [56048] Resolved module firebase-admin {"declared":true,"installed":true,"version":"9.5.0","resolution":"/Users/biancagoncalves/AmazonClone/functions/node_modules/firebase-admin/lib/index.js"} {"metadata":{"emulator":{"name":"functions"},"message":"[runtime-status] [56048] Resolved module firebase-admin {\"declared\":true,\"installed\":true,\"version\":\"9.5.0\",\"resolution\":\"/Users/biancagoncalves/AmazonClone/functions/node_modules/firebase-admin/lib/index.js\"}"}}
[debug] [2021-02-21T05:35:28.571Z] [runtime-status] [56048] Resolved module firebase-functions {"declared":true,"installed":true,"version":"3.13.1","resolution":"/Users/biancagoncalves/AmazonClone/functions/node_modules/firebase-functions/lib/index.js"} {"metadata":{"emulator":{"name":"functions"},"message":"[runtime-status] [56048] Resolved module firebase-functions {\"declared\":true,\"installed\":true,\"version\":\"3.13.1\",\"resolution\":\"/Users/biancagoncalves/AmazonClone/functions/node_modules/firebase-functions/lib/index.js\"}"}}
[debug] [2021-02-21T05:35:28.572Z] [runtime-status] [56048] Resolved module firebase-functions {"declared":true,"installed":true,"version":"3.13.1","resolution":"/Users/biancagoncalves/AmazonClone/functions/node_modules/firebase-functions/lib/index.js"} {"metadata":{"emulator":{"name":"functions"},"message":"[runtime-status] [56048] Resolved module firebase-functions {\"declared\":true,\"installed\":true,\"version\":\"3.13.1\",\"resolution\":\"/Users/biancagoncalves/AmazonClone/functions/node_modules/firebase-functions/lib/index.js\"}"}}
[debug] [2021-02-21T05:35:28.573Z] [runtime-status] [56048] Outgoing network have been stubbed. [{"name":"http","status":"mocked"},{"name":"http","status":"mocked"},{"name":"https","status":"mocked"},{"name":"https","status":"mocked"},{"name":"net","status":"mocked"}] {"metadata":{"emulator":{"name":"functions"},"message":"[runtime-status] [56048] Outgoing network have been stubbed. [{\"name\":\"http\",\"status\":\"mocked\"},{\"name\":\"http\",\"status\":\"mocked\"},{\"name\":\"https\",\"status\":\"mocked\"},{\"name\":\"https\",\"status\":\"mocked\"},{\"name\":\"net\",\"status\":\"mocked\"}]"}}
[debug] [2021-02-21T05:35:28.574Z] [runtime-status] [56048] Resolved module firebase-functions {"declared":true,"installed":true,"version":"3.13.1","resolution":"/Users/biancagoncalves/AmazonClone/functions/node_modules/firebase-functions/lib/index.js"} {"metadata":{"emulator":{"name":"functions"},"message":"[runtime-status] [56048] Resolved module firebase-functions {\"declared\":true,\"installed\":true,\"version\":\"3.13.1\",\"resolution\":\"/Users/biancagoncalves/AmazonClone/functions/node_modules/firebase-functions/lib/index.js\"}"}}
[debug] [2021-02-21T05:35:28.603Z] [runtime-status] [56048] Checked functions.config() {"config":{}} {"metadata":{"emulator":{"name":"functions"},"message":"[runtime-status] [56048] Checked functions.config() {\"config\":{}}"}}
[debug] [2021-02-21T05:35:28.603Z] [runtime-status] [56048] firebase-functions has been stubbed. {"functionsResolution":{"declared":true,"installed":true,"version":"3.13.1","resolution":"/Users/biancagoncalves/AmazonClone/functions/node_modules/firebase-functions/lib/index.js"}} {"metadata":{"emulator":{"name":"functions"},"message":"[runtime-status] [56048] firebase-functions has been stubbed. {\"functionsResolution\":{\"declared\":true,\"installed\":true,\"version\":\"3.13.1\",\"resolution\":\"/Users/biancagoncalves/AmazonClone/functions/node_modules/firebase-functions/lib/index.js\"}}"}}
[debug] [2021-02-21T05:35:28.603Z] [runtime-status] [56048] Resolved module firebase-functions {"declared":true,"installed":true,"version":"3.13.1","resolution":"/Users/biancagoncalves/AmazonClone/functions/node_modules/firebase-functions/lib/index.js"} {"metadata":{"emulator":{"name":"functions"},"message":"[runtime-status] [56048] Resolved module firebase-functions {\"declared\":true,\"installed\":true,\"version\":\"3.13.1\",\"resolution\":\"/Users/biancagoncalves/AmazonClone/functions/node_modules/firebase-functions/lib/index.js\"}"}}
[debug] [2021-02-21T05:35:28.604Z] [runtime-status] [56048] Resolved module firebase-admin {"declared":true,"installed":true,"version":"9.5.0","resolution":"/Users/biancagoncalves/AmazonClone/functions/node_modules/firebase-admin/lib/index.js"} {"metadata":{"emulator":{"name":"functions"},"message":"[runtime-status] [56048] Resolved module firebase-admin {\"declared\":true,\"installed\":true,\"version\":\"9.5.0\",\"resolution\":\"/Users/biancagoncalves/AmazonClone/functions/node_modules/firebase-admin/lib/index.js\"}"}}
[debug] [2021-02-21T05:35:28.604Z] [runtime-status] [56048] Resolved module firebase-functions {"declared":true,"installed":true,"version":"3.13.1","resolution":"/Users/biancagoncalves/AmazonClone/functions/node_modules/firebase-functions/lib/index.js"} {"metadata":{"emulator":{"name":"functions"},"message":"[runtime-status] [56048] Resolved module firebase-functions {\"declared\":true,\"installed\":true,\"version\":\"3.13.1\",\"resolution\":\"/Users/biancagoncalves/AmazonClone/functions/node_modules/firebase-functions/lib/index.js\"}"}}
[debug] [2021-02-21T05:35:28.605Z] [runtime-status] [56048] firebase-admin has been stubbed. {"adminResolution":{"declared":true,"installed":true,"version":"9.5.0","resolution":"/Users/biancagoncalves/AmazonClone/functions/node_modules/firebase-admin/lib/index.js"}} {"metadata":{"emulator":{"name":"functions"},"message":"[runtime-status] [56048] firebase-admin has been stubbed. {\"adminResolution\":{\"declared\":true,\"installed\":true,\"version\":\"9.5.0\",\"resolution\":\"/Users/biancagoncalves/AmazonClone/functions/node_modules/firebase-admin/lib/index.js\"}}"}}
[debug] [2021-02-21T05:35:28.670Z] [worker-~diagnostic~-6c26b79a-17e5-4306-9632-0cb48deac763]: IDLE {"metadata":{"emulator":{"name":"functions"},"message":"[worker-~diagnostic~-6c26b79a-17e5-4306-9632-0cb48deac763]: IDLE"}}
